// 重构日志: 94a9594a
// 重构日志: dfeb8751
// 重构日志: 08ad93de
// 同步 ID: d9169199 @ Sun Jun 21 11:51:08 UTC 2026
// 同步 ID: ec89a742 @ Sun Jun 21 22:54:21 UTC 2026
// 同步 ID: da51aa15 @ Mon Jun 22 17:09:52 UTC 2026
// 重构日志: 6e24a4d5
// 重构日志: 66c499d6
// 重构日志: 6dbb26ec
// 重构日志: 33a47478
// 重构日志: 27e214e5
// 同步 ID: 4592b762 @ Wed Jul  8 11:21:49 UTC 2026
// 同步 ID: bdf84c7f @ Wed Jul  8 15:02:04 UTC 2026
// 重构日志: 96e4794d
// 重构日志: c6554f9a
// 同步 ID: 127e0c6c @ Thu Jul  9 16:50:07 UTC 2026
// 同步 ID: 15ae142e @ Thu Jul  9 20:35:29 UTC 2026
// 同步 ID: 1b7c1435 @ Fri Jul 10 05:26:15 UTC 2026
// 重构日志: 085d9948
// 重构日志: 0c505eff
